[14-Mar-2019 13:35:16 Europe/Moscow] PHP Warning:  Unknown: failed to open stream: Permission denied in Unknown on line 0
[14-Mar-2019 13:35:16 Europe/Moscow] PHP Fatal error:  Unknown: Failed opening required '/home/x/x2agam8n/yiibasic.x2agam8n.beget.tech/public_html/index.php' (include_path='.:/usr/share/php') in Unknown on line 0
[14-Mar-2019 13:47:28 Europe/Moscow] PHP Warning:  Unknown: failed to open stream: Permission denied in Unknown on line 0
[14-Mar-2019 13:47:28 Europe/Moscow] PHP Fatal error:  Unknown: Failed opening required '/home/x/x2agam8n/yiibasic.x2agam8n.beget.tech/public_html/index.php' (include_path='.:/usr/share/php') in Unknown on line 0
[14-Mar-2019 13:47:29 Europe/Moscow] PHP Warning:  Unknown: failed to open stream: Permission denied in Unknown on line 0
[14-Mar-2019 13:47:29 Europe/Moscow] PHP Fatal error:  Unknown: Failed opening required '/home/x/x2agam8n/yiibasic.x2agam8n.beget.tech/public_html/index.php' (include_path='.:/usr/share/php') in Unknown on line 0
[14-Mar-2019 13:47:30 Europe/Moscow] PHP Warning:  Unknown: failed to open stream: Permission denied in Unknown on line 0
[14-Mar-2019 13:47:30 Europe/Moscow] PHP Fatal error:  Unknown: Failed opening required '/home/x/x2agam8n/yiibasic.x2agam8n.beget.tech/public_html/index.php' (include_path='.:/usr/share/php') in Unknown on line 0
[14-Mar-2019 13:47:31 Europe/Moscow] PHP Warning:  Unknown: failed to open stream: Permission denied in Unknown on line 0
[14-Mar-2019 13:47:31 Europe/Moscow] PHP Fatal error:  Unknown: Failed opening required '/home/x/x2agam8n/yiibasic.x2agam8n.beget.tech/public_html/index.php' (include_path='.:/usr/share/php') in Unknown on line 0
[14-Mar-2019 13:47:31 Europe/Moscow] PHP Warning:  Unknown: failed to open stream: Permission denied in Unknown on line 0
[14-Mar-2019 13:47:31 Europe/Moscow] PHP Fatal error:  Unknown: Failed opening required '/home/x/x2agam8n/yiibasic.x2agam8n.beget.tech/public_html/index.php' (include_path='.:/usr/share/php') in Unknown on line 0
[14-Mar-2019 13:47:32 Europe/Moscow] PHP Warning:  Unknown: failed to open stream: Permission denied in Unknown on line 0
[14-Mar-2019 13:47:32 Europe/Moscow] PHP Fatal error:  Unknown: Failed opening required '/home/x/x2agam8n/yiibasic.x2agam8n.beget.tech/public_html/index.php' (include_path='.:/usr/share/php') in Unknown on line 0
[14-Mar-2019 13:47:32 Europe/Moscow] PHP Warning:  Unknown: failed to open stream: Permission denied in Unknown on line 0
[14-Mar-2019 13:47:32 Europe/Moscow] PHP Fatal error:  Unknown: Failed opening required '/home/x/x2agam8n/yiibasic.x2agam8n.beget.tech/public_html/index.php' (include_path='.:/usr/share/php') in Unknown on line 0
[14-Mar-2019 13:47:32 Europe/Moscow] PHP Warning:  Unknown: failed to open stream: Permission denied in Unknown on line 0
[14-Mar-2019 13:47:32 Europe/Moscow] PHP Fatal error:  Unknown: Failed opening required '/home/x/x2agam8n/yiibasic.x2agam8n.beget.tech/public_html/index.php' (include_path='.:/usr/share/php') in Unknown on line 0
[14-Mar-2019 13:47:33 Europe/Moscow] PHP Warning:  Unknown: failed to open stream: Permission denied in Unknown on line 0
[14-Mar-2019 13:47:33 Europe/Moscow] PHP Fatal error:  Unknown: Failed opening required '/home/x/x2agam8n/yiibasic.x2agam8n.beget.tech/public_html/index.php' (include_path='.:/usr/share/php') in Unknown on line 0
[14-Mar-2019 13:47:33 Europe/Moscow] PHP Warning:  Unknown: failed to open stream: Permission denied in Unknown on line 0
[14-Mar-2019 13:47:33 Europe/Moscow] PHP Fatal error:  Unknown: Failed opening required '/home/x/x2agam8n/yiibasic.x2agam8n.beget.tech/public_html/index.php' (include_path='.:/usr/share/php') in Unknown on line 0
[14-Mar-2019 13:47:33 Europe/Moscow] PHP Warning:  Unknown: failed to open stream: Permission denied in Unknown on line 0
[14-Mar-2019 13:47:33 Europe/Moscow] PHP Fatal error:  Unknown: Failed opening required '/home/x/x2agam8n/yiibasic.x2agam8n.beget.tech/public_html/index.php' (include_path='.:/usr/share/php') in Unknown on line 0
[14-Mar-2019 13:47:34 Europe/Moscow] PHP Warning:  Unknown: failed to open stream: Permission denied in Unknown on line 0
[14-Mar-2019 13:47:34 Europe/Moscow] PHP Fatal error:  Unknown: Failed opening required '/home/x/x2agam8n/yiibasic.x2agam8n.beget.tech/public_html/index.php' (include_path='.:/usr/share/php') in Unknown on line 0
[14-Mar-2019 13:47:34 Europe/Moscow] PHP Warning:  Unknown: failed to open stream: Permission denied in Unknown on line 0
[14-Mar-2019 13:47:34 Europe/Moscow] PHP Fatal error:  Unknown: Failed opening required '/home/x/x2agam8n/yiibasic.x2agam8n.beget.tech/public_html/index.php' (include_path='.:/usr/share/php') in Unknown on line 0
[14-Mar-2019 13:47:34 Europe/Moscow] PHP Warning:  Unknown: failed to open stream: Permission denied in Unknown on line 0
[14-Mar-2019 13:47:34 Europe/Moscow] PHP Fatal error:  Unknown: Failed opening required '/home/x/x2agam8n/yiibasic.x2agam8n.beget.tech/public_html/index.php' (include_path='.:/usr/share/php') in Unknown on line 0
[14-Mar-2019 13:47:34 Europe/Moscow] PHP Warning:  Unknown: failed to open stream: Permission denied in Unknown on line 0
[14-Mar-2019 13:47:34 Europe/Moscow] PHP Fatal error:  Unknown: Failed opening required '/home/x/x2agam8n/yiibasic.x2agam8n.beget.tech/public_html/index.php' (include_path='.:/usr/share/php') in Unknown on line 0
[14-Mar-2019 13:52:37 Europe/Moscow] PHP Warning:  Unknown: failed to open stream: Permission denied in Unknown on line 0
[14-Mar-2019 13:52:37 Europe/Moscow] PHP Fatal error:  Unknown: Failed opening required '/home/x/x2agam8n/yiibasic.x2agam8n.beget.tech/public_html/index.php' (include_path='.:/usr/share/php') in Unknown on line 0
[14-Mar-2019 14:15:52 Europe/Moscow] PHP Warning:  Unknown: failed to open stream: Permission denied in Unknown on line 0
[14-Mar-2019 14:15:52 Europe/Moscow] PHP Fatal error:  Unknown: Failed opening required '/home/x/x2agam8n/yiibasic.x2agam8n.beget.tech/public_html/index.php' (include_path='.:/usr/share/php') in Unknown on line 0
[14-Mar-2019 14:19:27 Europe/Moscow] PHP Warning:  Unknown: failed to open stream: Permission denied in Unknown on line 0
[14-Mar-2019 14:19:27 Europe/Moscow] PHP Fatal error:  Unknown: Failed opening required '/home/x/x2agam8n/yiibasic.x2agam8n.beget.tech/public_html/index.php' (include_path='.:/usr/share/php') in Unknown on line 0
[14-Mar-2019 14:20:26 Europe/Moscow] PHP Warning:  Unknown: failed to open stream: Permission denied in Unknown on line 0
[14-Mar-2019 14:20:26 Europe/Moscow] PHP Fatal error:  Unknown: Failed opening required '/home/x/x2agam8n/yiibasic.x2agam8n.beget.tech/public_html/index.php' (include_path='.:/usr/share/php') in Unknown on line 0
[14-Mar-2019 14:21:54 Europe/Moscow] PHP Warning:  Unknown: failed to open stream: Permission denied in Unknown on line 0
[14-Mar-2019 14:21:54 Europe/Moscow] PHP Fatal error:  Unknown: Failed opening required '/home/x/x2agam8n/yiibasic.x2agam8n.beget.tech/public_html/index.php' (include_path='.:/usr/share/php') in Unknown on line 0
[14-Mar-2019 14:22:04 Europe/Moscow] PHP Warning:  Unknown: failed to open stream: Permission denied in Unknown on line 0
[14-Mar-2019 14:22:04 Europe/Moscow] PHP Fatal error:  Unknown: Failed opening required '/home/x/x2agam8n/yiibasic.x2agam8n.beget.tech/public_html/index.php' (include_path='.:/usr/share/php') in Unknown on line 0
[14-Mar-2019 14:22:30 Europe/Moscow] PHP Warning:  Unknown: failed to open stream: Permission denied in Unknown on line 0
[14-Mar-2019 14:22:30 Europe/Moscow] PHP Fatal error:  Unknown: Failed opening required '/home/x/x2agam8n/yiibasic.x2agam8n.beget.tech/public_html/index.php' (include_path='.:/usr/share/php') in Unknown on line 0
[14-Mar-2019 14:23:54 Europe/Moscow] PHP Warning:  Unknown: failed to open stream: Permission denied in Unknown on line 0
[14-Mar-2019 14:23:54 Europe/Moscow] PHP Fatal error:  Unknown: Failed opening required '/home/x/x2agam8n/yiibasic.x2agam8n.beget.tech/public_html/index.php' (include_path='.:/usr/share/php') in Unknown on line 0
[14-Mar-2019 14:24:38 Europe/Moscow] PHP Warning:  Unknown: failed to open stream: Permission denied in Unknown on line 0
[14-Mar-2019 14:24:38 Europe/Moscow] PHP Fatal error:  Unknown: Failed opening required '/home/x/x2agam8n/yiibasic.x2agam8n.beget.tech/public_html/index.php' (include_path='.:/usr/share/php') in Unknown on line 0
[14-Mar-2019 14:25:30 Europe/Moscow] PHP Warning:  Unknown: failed to open stream: Permission denied in Unknown on line 0
[14-Mar-2019 14:25:30 Europe/Moscow] PHP Fatal error:  Unknown: Failed opening required '/home/x/x2agam8n/yiibasic.x2agam8n.beget.tech/public_html/index.php' (include_path='.:/usr/share/php') in Unknown on line 0
[14-Mar-2019 14:25:33 Europe/Moscow] PHP Warning:  Unknown: failed to open stream: Permission denied in Unknown on line 0
[14-Mar-2019 14:25:33 Europe/Moscow] PHP Fatal error:  Unknown: Failed opening required '/home/x/x2agam8n/yiibasic.x2agam8n.beget.tech/public_html/index.php' (include_path='.:/usr/share/php') in Unknown on line 0
[14-Mar-2019 14:25:34 Europe/Moscow] PHP Warning:  Unknown: failed to open stream: Permission denied in Unknown on line 0
[14-Mar-2019 14:25:34 Europe/Moscow] PHP Fatal error:  Unknown: Failed opening required '/home/x/x2agam8n/yiibasic.x2agam8n.beget.tech/public_html/index.php' (include_path='.:/usr/share/php') in Unknown on line 0
[14-Mar-2019 14:25:35 Europe/Moscow] PHP Warning:  Unknown: failed to open stream: Permission denied in Unknown on line 0
[14-Mar-2019 14:25:35 Europe/Moscow] PHP Fatal error:  Unknown: Failed opening required '/home/x/x2agam8n/yiibasic.x2agam8n.beget.tech/public_html/index.php' (include_path='.:/usr/share/php') in Unknown on line 0
[14-Mar-2019 14:25:35 Europe/Moscow] PHP Warning:  Unknown: failed to open stream: Permission denied in Unknown on line 0
[14-Mar-2019 14:25:35 Europe/Moscow] PHP Fatal error:  Unknown: Failed opening required '/home/x/x2agam8n/yiibasic.x2agam8n.beget.tech/public_html/index.php' (include_path='.:/usr/share/php') in Unknown on line 0
[14-Mar-2019 14:25:36 Europe/Moscow] PHP Warning:  Unknown: failed to open stream: Permission denied in Unknown on line 0
[14-Mar-2019 14:25:36 Europe/Moscow] PHP Fatal error:  Unknown: Failed opening required '/home/x/x2agam8n/yiibasic.x2agam8n.beget.tech/public_html/index.php' (include_path='.:/usr/share/php') in Unknown on line 0
[14-Mar-2019 14:25:36 Europe/Moscow] PHP Warning:  Unknown: failed to open stream: Permission denied in Unknown on line 0
[14-Mar-2019 14:25:36 Europe/Moscow] PHP Fatal error:  Unknown: Failed opening required '/home/x/x2agam8n/yiibasic.x2agam8n.beget.tech/public_html/index.php' (include_path='.:/usr/share/php') in Unknown on line 0
[14-Mar-2019 14:25:36 Europe/Moscow] PHP Warning:  Unknown: failed to open stream: Permission denied in Unknown on line 0
[14-Mar-2019 14:25:36 Europe/Moscow] PHP Fatal error:  Unknown: Failed opening required '/home/x/x2agam8n/yiibasic.x2agam8n.beget.tech/public_html/index.php' (include_path='.:/usr/share/php') in Unknown on line 0
[14-Mar-2019 14:25:37 Europe/Moscow] PHP Warning:  Unknown: failed to open stream: Permission denied in Unknown on line 0
[14-Mar-2019 14:25:37 Europe/Moscow] PHP Fatal error:  Unknown: Failed opening required '/home/x/x2agam8n/yiibasic.x2agam8n.beget.tech/public_html/index.php' (include_path='.:/usr/share/php') in Unknown on line 0
[14-Mar-2019 14:25:37 Europe/Moscow] PHP Warning:  Unknown: failed to open stream: Permission denied in Unknown on line 0
[14-Mar-2019 14:25:37 Europe/Moscow] PHP Fatal error:  Unknown: Failed opening required '/home/x/x2agam8n/yiibasic.x2agam8n.beget.tech/public_html/index.php' (include_path='.:/usr/share/php') in Unknown on line 0
[14-Mar-2019 14:29:06 Europe/Moscow] PHP Warning:  require(/home/x/x2agam8n/yiibasic.x2agam8n.beget.tech/web../vendor/autoload.php): failed to open stream: No such file or directory in /home/x/x2agam8n/yiibasic.x2agam8n.beget.tech/web/index.php on line 7
[14-Mar-2019 14:29:06 Europe/Moscow] PHP Fatal error:  require(): Failed opening required '/home/x/x2agam8n/yiibasic.x2agam8n.beget.tech/web../vendor/autoload.php' (include_path='.:/usr/share/php') in /home/x/x2agam8n/yiibasic.x2agam8n.beget.tech/web/index.php on line 7
[14-Mar-2019 14:29:10 Europe/Moscow] PHP Warning:  require(/home/x/x2agam8n/yiibasic.x2agam8n.beget.tech/web../vendor/autoload.php): failed to open stream: No such file or directory in /home/x/x2agam8n/yiibasic.x2agam8n.beget.tech/web/index.php on line 7
[14-Mar-2019 14:29:10 Europe/Moscow] PHP Fatal error:  require(): Failed opening required '/home/x/x2agam8n/yiibasic.x2agam8n.beget.tech/web../vendor/autoload.php' (include_path='.:/usr/share/php') in /home/x/x2agam8n/yiibasic.x2agam8n.beget.tech/web/index.php on line 7
[14-Mar-2019 14:29:23 Europe/Moscow] PHP Warning:  require(/home/x/x2agam8n/yiibasic.x2agam8n.beget.tech/web../vendor/autoload.php): failed to open stream: No such file or directory in /home/x/x2agam8n/yiibasic.x2agam8n.beget.tech/web/index.php on line 7
[14-Mar-2019 14:29:23 Europe/Moscow] PHP Fatal error:  require(): Failed opening required '/home/x/x2agam8n/yiibasic.x2agam8n.beget.tech/web../vendor/autoload.php' (include_path='.:/usr/share/php') in /home/x/x2agam8n/yiibasic.x2agam8n.beget.tech/web/index.php on line 7
[14-Mar-2019 14:29:54 Europe/Moscow] PHP Warning:  require(/home/x/x2agam8n/yiibasic.x2agam8n.beget.tech/web../vendor/autoload.php): failed to open stream: No such file or directory in /home/x/x2agam8n/yiibasic.x2agam8n.beget.tech/web/index.php on line 7
[14-Mar-2019 14:29:54 Europe/Moscow] PHP Fatal error:  require(): Failed opening required '/home/x/x2agam8n/yiibasic.x2agam8n.beget.tech/web../vendor/autoload.php' (include_path='.:/usr/share/php') in /home/x/x2agam8n/yiibasic.x2agam8n.beget.tech/web/index.php on line 7
[14-Mar-2019 14:30:56 Europe/Moscow] PHP Warning:  require(/home/x/x2agam8n/yiibasic.x2agam8n.beget.tech/web\.\./vendor/autoload.php): failed to open stream: No such file or directory in /home/x/x2agam8n/yiibasic.x2agam8n.beget.tech/web/index.php on line 7
[14-Mar-2019 14:30:56 Europe/Moscow] PHP Fatal error:  require(): Failed opening required '/home/x/x2agam8n/yiibasic.x2agam8n.beget.tech/web\.\./vendor/autoload.php' (include_path='.:/usr/share/php') in /home/x/x2agam8n/yiibasic.x2agam8n.beget.tech/web/index.php on line 7
[14-Mar-2019 14:31:29 Europe/Moscow] PHP Warning:  require(/home/x/x2agam8n/yiibasic.x2agam8n.beget.tech/web../vendor/autoload.php): failed to open stream: No such file or directory in /home/x/x2agam8n/yiibasic.x2agam8n.beget.tech/web/index.php on line 7
[14-Mar-2019 14:31:29 Europe/Moscow] PHP Fatal error:  require(): Failed opening required '/home/x/x2agam8n/yiibasic.x2agam8n.beget.tech/web../vendor/autoload.php' (include_path='.:/usr/share/php') in /home/x/x2agam8n/yiibasic.x2agam8n.beget.tech/web/index.php on line 7
[14-Mar-2019 14:31:42 Europe/Moscow] PHP Warning:  require(/home/x/x2agam8n/yiibasic.x2agam8n.beget.tech/config/params.php): failed to open stream: Permission denied in /home/x/x2agam8n/yiibasic.x2agam8n.beget.tech/config/web.php on line 3
[14-Mar-2019 14:31:42 Europe/Moscow] PHP Fatal error:  require(): Failed opening required '/home/x/x2agam8n/yiibasic.x2agam8n.beget.tech/config/params.php' (include_path='.:/usr/share/php') in /home/x/x2agam8n/yiibasic.x2agam8n.beget.tech/config/web.php on line 3
[14-Mar-2019 14:31:44 Europe/Moscow] PHP Warning:  require(/home/x/x2agam8n/yiibasic.x2agam8n.beget.tech/config/params.php): failed to open stream: Permission denied in /home/x/x2agam8n/yiibasic.x2agam8n.beget.tech/config/web.php on line 3
[14-Mar-2019 14:31:44 Europe/Moscow] PHP Fatal error:  require(): Failed opening required '/home/x/x2agam8n/yiibasic.x2agam8n.beget.tech/config/params.php' (include_path='.:/usr/share/php') in /home/x/x2agam8n/yiibasic.x2agam8n.beget.tech/config/web.php on line 3
[14-Mar-2019 14:31:47 Europe/Moscow] PHP Warning:  require(/home/x/x2agam8n/yiibasic.x2agam8n.beget.tech/config/params.php): failed to open stream: Permission denied in /home/x/x2agam8n/yiibasic.x2agam8n.beget.tech/config/web.php on line 3
[14-Mar-2019 14:31:47 Europe/Moscow] PHP Fatal error:  require(): Failed opening required '/home/x/x2agam8n/yiibasic.x2agam8n.beget.tech/config/params.php' (include_path='.:/usr/share/php') in /home/x/x2agam8n/yiibasic.x2agam8n.beget.tech/config/web.php on line 3
[14-Mar-2019 14:32:28 Europe/Moscow] PHP Warning:  require(/home/x/x2agam8n/yiibasic.x2agam8n.beget.tech/config/params.php): failed to open stream: Permission denied in /home/x/x2agam8n/yiibasic.x2agam8n.beget.tech/config/web.php on line 3
[14-Mar-2019 14:32:28 Europe/Moscow] PHP Fatal error:  require(): Failed opening required '/home/x/x2agam8n/yiibasic.x2agam8n.beget.tech/config/params.php' (include_path='.:/usr/share/php') in /home/x/x2agam8n/yiibasic.x2agam8n.beget.tech/config/web.php on line 3
[14-Mar-2019 14:34:58 Europe/Moscow] PHP Warning:  require(/home/x/x2agam8n/yiibasic.x2agam8n.beget.tech/config/params.php): failed to open stream: Permission denied in /home/x/x2agam8n/yiibasic.x2agam8n.beget.tech/config/web.php on line 3
[14-Mar-2019 14:34:58 Europe/Moscow] PHP Fatal error:  require(): Failed opening required '/home/x/x2agam8n/yiibasic.x2agam8n.beget.tech/config/params.php' (include_path='.:/usr/share/php') in /home/x/x2agam8n/yiibasic.x2agam8n.beget.tech/config/web.php on line 3
[14-Mar-2019 14:36:04 Europe/Moscow] PHP Warning:  require(/home/x/x2agam8n/yiibasic.x2agam8n.beget.tech/config/params.php): failed to open stream: Permission denied in /home/x/x2agam8n/yiibasic.x2agam8n.beget.tech/config/web.php on line 3
[14-Mar-2019 14:36:04 Europe/Moscow] PHP Fatal error:  require(): Failed opening required '/home/x/x2agam8n/yiibasic.x2agam8n.beget.tech/config/params.php' (include_path='.:/usr/share/php') in /home/x/x2agam8n/yiibasic.x2agam8n.beget.tech/config/web.php on line 3
[14-Mar-2019 14:36:06 Europe/Moscow] PHP Warning:  require(/home/x/x2agam8n/yiibasic.x2agam8n.beget.tech/config/params.php): failed to open stream: Permission denied in /home/x/x2agam8n/yiibasic.x2agam8n.beget.tech/config/web.php on line 3
[14-Mar-2019 14:36:06 Europe/Moscow] PHP Fatal error:  require(): Failed opening required '/home/x/x2agam8n/yiibasic.x2agam8n.beget.tech/config/params.php' (include_path='.:/usr/share/php') in /home/x/x2agam8n/yiibasic.x2agam8n.beget.tech/config/web.php on line 3
[14-Mar-2019 14:41:57 Europe/Moscow] PHP Warning:  require(/home/x/x2agam8n/yiibasic.x2agam8n.beget.tech/config/params.php): failed to open stream: Permission denied in /home/x/x2agam8n/yiibasic.x2agam8n.beget.tech/config/web.php on line 3
[14-Mar-2019 14:41:57 Europe/Moscow] PHP Fatal error:  require(): Failed opening required '/home/x/x2agam8n/yiibasic.x2agam8n.beget.tech/config/params.php' (include_path='.:/usr/share/php') in /home/x/x2agam8n/yiibasic.x2agam8n.beget.tech/config/web.php on line 3
[14-Mar-2019 14:57:01 Europe/Moscow] PHP Warning:  session_write_close(): open(/tmp/php_sess/sess_9cfabf25f6b2a80dbc241c227e3d6f97, O_RDWR) failed: Permission denied (13) in /home/x/x2agam8n/yiibasic.x2agam8n.beget.tech/vendor/yiisoft/yii2/web/Session.php on line 192
[14-Mar-2019 14:57:01 Europe/Moscow] PHP Warning:  session_write_close(): Failed to write session data (files). Please verify that the current setting of session.save_path is correct (/tmp/php_sess) in /home/x/x2agam8n/yiibasic.x2agam8n.beget.tech/vendor/yiisoft/yii2/web/Session.php on line 192
[14-Mar-2019 14:59:16 Europe/Moscow] PHP Warning:  session_write_close(): open(/tmp/php_sess/sess_9cfabf25f6b2a80dbc241c227e3d6f97, O_RDWR) failed: Permission denied (13) in /home/x/x2agam8n/yiibasic.x2agam8n.beget.tech/vendor/yiisoft/yii2/web/Session.php on line 192
[14-Mar-2019 14:59:16 Europe/Moscow] PHP Warning:  session_write_close(): Failed to write session data (files). Please verify that the current setting of session.save_path is correct (/tmp/php_sess) in /home/x/x2agam8n/yiibasic.x2agam8n.beget.tech/vendor/yiisoft/yii2/web/Session.php on line 192
[14-Mar-2019 14:59:17 Europe/Moscow] PHP Warning:  session_write_close(): open(/tmp/php_sess/sess_9cfabf25f6b2a80dbc241c227e3d6f97, O_RDWR) failed: Permission denied (13) in /home/x/x2agam8n/yiibasic.x2agam8n.beget.tech/vendor/yiisoft/yii2/web/Session.php on line 192
[14-Mar-2019 14:59:17 Europe/Moscow] PHP Warning:  session_write_close(): Failed to write session data (files). Please verify that the current setting of session.save_path is correct (/tmp/php_sess) in /home/x/x2agam8n/yiibasic.x2agam8n.beget.tech/vendor/yiisoft/yii2/web/Session.php on line 192
[14-Mar-2019 14:59:19 Europe/Moscow] PHP Warning:  session_write_close(): open(/tmp/php_sess/sess_9cfabf25f6b2a80dbc241c227e3d6f97, O_RDWR) failed: Permission denied (13) in /home/x/x2agam8n/yiibasic.x2agam8n.beget.tech/vendor/yiisoft/yii2/web/Session.php on line 192
[14-Mar-2019 14:59:19 Europe/Moscow] PHP Warning:  session_write_close(): Failed to write session data (files). Please verify that the current setting of session.save_path is correct (/tmp/php_sess) in /home/x/x2agam8n/yiibasic.x2agam8n.beget.tech/vendor/yiisoft/yii2/web/Session.php on line 192
[14-Mar-2019 14:59:34 Europe/Moscow] PHP Warning:  session_write_close(): open(/tmp/php_sess/sess_9cfabf25f6b2a80dbc241c227e3d6f97, O_RDWR) failed: Permission denied (13) in /home/x/x2agam8n/yiibasic.x2agam8n.beget.tech/vendor/yiisoft/yii2/web/Session.php on line 192
[14-Mar-2019 14:59:34 Europe/Moscow] PHP Warning:  session_write_close(): Failed to write session data (files). Please verify that the current setting of session.save_path is correct (/tmp/php_sess) in /home/x/x2agam8n/yiibasic.x2agam8n.beget.tech/vendor/yiisoft/yii2/web/Session.php on line 192
